[27-May-2021 09:17:00] NOTICE: fpm is running, pid 95249
[27-May-2021 09:17:00] NOTICE: ready to handle connections
[27-May-2021 11:10:41] NOTICE: Terminating ...
[27-May-2021 11:10:41] NOTICE: Terminating ...
[27-May-2021 11:10:41] NOTICE: exiting, bye-bye!
[28-May-2021 09:10:02] NOTICE: fpm is running, pid 827
[28-May-2021 09:10:02] NOTICE: ready to handle connections
[03-Jun-2021 09:22:09] NOTICE: Terminating ...
[03-Jun-2021 09:22:09] NOTICE: Terminating ...
[03-Jun-2021 09:22:09] NOTICE: exiting, bye-bye!
[29-Jun-2021 13:11:09] NOTICE: fpm is running, pid 7091
[29-Jun-2021 13:11:09] NOTICE: ready to handle connections
[29-Jun-2021 13:33:42] NOTICE: Terminating ...
[29-Jun-2021 13:33:42] NOTICE: Terminating ...
[29-Jun-2021 13:33:42] NOTICE: exiting, bye-bye!
[30-Jun-2021 09:07:25] NOTICE: fpm is running, pid 8841
[30-Jun-2021 09:07:25] NOTICE: ready to handle connections
[30-Jun-2021 13:37:48] NOTICE: Terminating ...
[30-Jun-2021 13:37:48] NOTICE: Terminating ...
[30-Jun-2021 13:37:48] NOTICE: exiting, bye-bye!
[30-Jun-2021 13:37:54] NOTICE: fpm is running, pid 13191
[30-Jun-2021 13:37:54] NOTICE: ready to handle connections
[30-Jun-2021 13:52:39] NOTICE: Terminating ...
[30-Jun-2021 13:52:39] NOTICE: Terminating ...
[30-Jun-2021 13:52:39] NOTICE: exiting, bye-bye!
[01-Jul-2021 09:08:12] NOTICE: fpm is running, pid 14396
[01-Jul-2021 09:08:12] NOTICE: ready to handle connections
[01-Jul-2021 13:58:03] NOTICE: Terminating ...
[01-Jul-2021 13:58:03] NOTICE: Terminating ...
[01-Jul-2021 13:58:03] NOTICE: exiting, bye-bye!
[05-Jul-2021 10:27:02] NOTICE: fpm is running, pid 26445
[05-Jul-2021 10:27:02] NOTICE: ready to handle connections
[05-Jul-2021 11:07:52] NOTICE: Terminating ...
[05-Jul-2021 11:07:52] NOTICE: Terminating ...
[05-Jul-2021 11:07:52] NOTICE: exiting, bye-bye!
[05-Jul-2021 11:08:36] NOTICE: fpm is running, pid 28004
[05-Jul-2021 11:08:36] NOTICE: ready to handle connections
[05-Jul-2021 14:36:33] NOTICE: Terminating ...
[05-Jul-2021 14:36:33] NOTICE: Terminating ...
[05-Jul-2021 14:36:33] NOTICE: exiting, bye-bye!
[13-Jul-2021 13:48:05] NOTICE: fpm is running, pid 59048
[13-Jul-2021 13:48:05] NOTICE: ready to handle connections
[13-Jul-2021 14:59:06] NOTICE: Terminating ...
[13-Jul-2021 14:59:06] NOTICE: Terminating ...
[13-Jul-2021 14:59:06] NOTICE: exiting, bye-bye!
[14-Jul-2021 08:58:51] NOTICE: fpm is running, pid 62317
[14-Jul-2021 08:58:51] NOTICE: ready to handle connections
[14-Jul-2021 13:32:38] NOTICE: Terminating ...
[14-Jul-2021 13:32:38] NOTICE: Terminating ...
[14-Jul-2021 13:32:38] NOTICE: exiting, bye-bye!
[15-Jul-2021 09:21:50] NOTICE: fpm is running, pid 71645
[15-Jul-2021 09:21:50] NOTICE: ready to handle connections
[15-Jul-2021 13:35:19] NOTICE: Terminating ...
[15-Jul-2021 13:35:19] NOTICE: Terminating ...
[15-Jul-2021 13:35:19] NOTICE: exiting, bye-bye!
